Build started 2014-07-25 10:20:38 PM.
     1>Project "C:\cygwin\home\Ricky\dev\gles_app\gles_app\gles_app.vcxproj" on node 2 (build target(s)).
     1>InitializeBuildStatus:
         Creating "Debug\gles_app.unsuccessfulbuild" because "AlwaysCreate" was specified.
       ClCompile:
         C:\Program Files (x86)\Microsoft Visual Studio 10.0\VC\bin\CL.exe /c /I"C:\cygwin\home\Ricky\dev\DevIL-SDK-x86-1.7.8\include" /I"C:\Program Files (x86)\ARM\Mali Developer Tools\OpenGL ES Emulator v1.3.0\include" /ZI /nologo /W3 /WX- /Od /Oy- /D WIN32 /D _DEBUG /D _CONSOLE /D _UNICODE /D UNICODE /Gm /EHsc /RTC1 /MDd /GS /fp:precise /Zc:wchar_t /Zc:forScope /Fo"Debug\\" /Fd"Debug\vc100.pdb" /Gd /TP /analyze- /errorReport:prompt renderer.cpp
         renderer.cpp
     1>c:\cygwin\home\ricky\dev\gles_app\gles_app\renderer.cpp(94): warning C4996: 'fopen': This function or variable may be unsafe. Consider using fopen_s instead. To disable deprecation, use _CRT_SECURE_NO_WARNINGS. See online help for details.
                 c:\program files (x86)\microsoft visual studio 10.0\vc\include\stdio.h(234) : see declaration of 'fopen'
     1>c:\cygwin\home\ricky\dev\gles_app\gles_app\renderer.cpp(367): warning C4244: 'argument' : conversion from 'int' to 'const float', possible loss of data
     1>c:\cygwin\home\ricky\dev\gles_app\gles_app\renderer.cpp(367): warning C4244: 'argument' : conversion from 'int' to 'const float', possible loss of data
     1>c:\cygwin\home\ricky\dev\gles_app\gles_app\renderer.cpp(368): warning C4244: 'argument' : conversion from 'unsigned int' to 'const float', possible loss of data
     1>c:\cygwin\home\ricky\dev\gles_app\gles_app\renderer.cpp(368): warning C4244: 'argument' : conversion from 'unsigned int' to 'const float', possible loss of data
     1>c:\cygwin\home\ricky\dev\gles_app\gles_app\renderer.cpp(372): warning C4244: 'argument' : conversion from 'int' to 'const float', possible loss of data
     1>c:\cygwin\home\ricky\dev\gles_app\gles_app\renderer.cpp(372): warning C4244: 'argument' : conversion from 'int' to 'const float', possible loss of data
     1>c:\cygwin\home\ricky\dev\gles_app\gles_app\renderer.cpp(352): warning C4101: 'j' : unreferenced local variable
     1>c:\cygwin\home\ricky\dev\gles_app\gles_app\renderer.cpp(437): warning C4101: 'color' : unreferenced local variable
       Link:
         C:\Program Files (x86)\Microsoft Visual Studio 10.0\VC\bin\link.exe /ERRORREPORT:PROMPT /OUT:"C:\cygwin\home\Ricky\dev\gles_app\Debug\gles_app.exe" /INCREMENTAL:NO /NOLOGO /LIBPATH:"C:\cygwin\home\Ricky\dev\DevIL-SDK-x86-1.7.8\lib" /LIBPATH:"C:\Program Files (x86)\ARM\Mali Developer Tools\OpenGL ES Emulator v1.3.0\lib" libEGL.lib libGLESv1_CM.lib libGLESv2.lib DevIL.lib kernel32.lib user32.lib gdi32.lib winspool.lib comdlg32.lib advapi32.lib shell32.lib ole32.lib oleaut32.lib uuid.lib odbc32.lib odbccp32.lib /MANIFEST /ManifestFile:"Debug\gles_app.exe.intermediate.manifest" /MANIFESTUAC:"level='asInvoker' uiAccess='false'" /DEBUG /PDB:"C:\cygwin\home\Ricky\dev\gles_app\Debug\gles_app.pdb" /SUBSYSTEM:CONSOLE /TLBID:1 /DYNAMICBASE /NXCOMPAT /IMPLIB:"C:\cygwin\home\Ricky\dev\gles_app\Debug\gles_app.lib" /MACHINE:X86 Debug\entity.obj
         Debug\main.obj
         Debug\renderer.obj
     1>entity.obj : warning LNK4075: ignoring '/EDITANDCONTINUE' due to '/INCREMENTAL:NO' specification
         gles_app.vcxproj -> C:\cygwin\home\Ricky\dev\gles_app\Debug\gles_app.exe
       Manifest:
         C:\Program Files (x86)\Microsoft SDKs\Windows\v7.0A\bin\mt.exe /nologo /verbose /outputresource:"C:\cygwin\home\Ricky\dev\gles_app\Debug\gles_app.exe;#1" /manifest Debug\gles_app.exe.intermediate.manifest
       FinalizeBuildStatus:
         Deleting file "Debug\gles_app.unsuccessfulbuild".
         Touching "Debug\gles_app.lastbuildstate".
     1>Done Building Project "C:\cygwin\home\Ricky\dev\gles_app\gles_app\gles_app.vcxproj" (build target(s)).

Build succeeded.

Time Elapsed 00:00:01.07
