C:\USERS\RICHARD\DOCUMENTS\VISUAL STUDIO 2010\PROJECTS\GLES_APP\DEBUG\GLES_APP.EXE
C:\USERS\RICHARD\DOCUMENTS\VISUAL STUDIO 2010\PROJECTS\GLES_APP\DEBUG\GLES_APP.PDB
c:\Users\richard\documents\visual studio 2010\Projects\gles_app\gles_app\Debug\cl.command.1.tlog
c:\Users\richard\documents\visual studio 2010\Projects\gles_app\gles_app\Debug\CL.read.1.tlog
c:\Users\richard\documents\visual studio 2010\Projects\gles_app\gles_app\Debug\CL.write.1.tlog
C:\USERS\RICHARD\DOCUMENTS\VISUAL STUDIO 2010\PROJECTS\GLES_APP\GLES_APP\DEBUG\CUBE.OBJ
c:\Users\richard\documents\visual studio 2010\Projects\gles_app\gles_app\Debug\gles_app.exe.embed.manifest
C:\USERS\RICHARD\DOCUMENTS\VISUAL STUDIO 2010\PROJECTS\GLES_APP\GLES_APP\DEBUG\GLES_APP.EXE.EMBED.MANIFEST.RES
C:\USERS\RICHARD\DOCUMENTS\VISUAL STUDIO 2010\PROJECTS\GLES_APP\GLES_APP\DEBUG\GLES_APP.EXE.INTERMEDIATE.MANIFEST
c:\Users\richard\documents\visual studio 2010\Projects\gles_app\gles_app\Debug\gles_app.write.1.tlog
c:\Users\richard\documents\visual studio 2010\Projects\gles_app\gles_app\Debug\gles_app_manifest.rc
c:\Users\richard\documents\visual studio 2010\Projects\gles_app\gles_app\Debug\link.command.1.tlog
c:\Users\richard\documents\visual studio 2010\Projects\gles_app\gles_app\Debug\link.read.1.tlog
c:\Users\richard\documents\visual studio 2010\Projects\gles_app\gles_app\Debug\link.write.1.tlog
C:\USERS\RICHARD\DOCUMENTS\VISUAL STUDIO 2010\PROJECTS\GLES_APP\GLES_APP\DEBUG\MATRIX.OBJ
c:\Users\richard\documents\visual studio 2010\Projects\gles_app\gles_app\Debug\mt.command.1.tlog
c:\Users\richard\documents\visual studio 2010\Projects\gles_app\gles_app\Debug\mt.read.1.tlog
c:\Users\richard\documents\visual studio 2010\Projects\gles_app\gles_app\Debug\mt.write.1.tlog
c:\Users\richard\documents\visual studio 2010\Projects\gles_app\gles_app\Debug\rc.command.1.tlog
c:\Users\richard\documents\visual studio 2010\Projects\gles_app\gles_app\Debug\rc.read.1.tlog
c:\Users\richard\documents\visual studio 2010\Projects\gles_app\gles_app\Debug\rc.write.1.tlog
C:\USERS\RICHARD\DOCUMENTS\VISUAL STUDIO 2010\PROJECTS\GLES_APP\GLES_APP\DEBUG\SHADER.OBJ
c:\Users\richard\documents\visual studio 2010\Projects\gles_app\gles_app\Debug\vc100.idb
C:\USERS\RICHARD\DOCUMENTS\VISUAL STUDIO 2010\PROJECTS\GLES_APP\GLES_APP\DEBUG\VC100.PDB
C:\USERS\RICHARD\DOCUMENTS\VISUAL STUDIO 2010\PROJECTS\GLES_APP\GLES_APP\DEBUG\WINDOW.OBJ
